[03-06-2024 19:56.18] Método: GET. Url: /api/autores
[03-06-2024 19:56.26] Método: POST. Url: /api/autores
[03-06-2024 19:56.27] Método: PUT. Url: /api/autores
[03-06-2024 19:56.28] Método: DELETE. Url: /api/autores
[03-06-2024 20:07.49] Método: POST. Url: /api/autores
[03-06-2024 20:07.51] Método: GET. Url: /api/autores/autor/1
[03-06-2024 20:09.05] Método: GET. Url: /api/autores/autor/1
[03-06-2024 20:13.53] Método: GET. Url: /api/autores/autor/1
[03-06-2024 20:14.09] Método: GET. Url: /api/autores/:id
[03-06-2024 20:14.35] Método: GET. Url: /api/autores/:id
[03-06-2024 20:15.50] Método: PUT. Url: /api/autores
[03-06-2024 20:15.53] Método: DELETE. Url: /api/autores
[03-06-2024 20:15.55] Método: POST. Url: /api/autores
[03-06-2024 20:16.55] Método: GET. Url: /api/autores/autor/:id
[03-06-2024 20:59.08] Método: GET. Url: /api/autores
[03-06-2024 21:01.21] Método: GET. Url: /api/autores
[03-06-2024 21:29.40] Método: GET. Url: /api/autores
[03-06-2024 21:34.01] Método: GET. Url: /api/autores
[03-06-2024 21:35.02] Método: GET. Url: /api/autores
[03-06-2024 21:49.49] Método: GET. Url: /api/autores
[03-06-2024 21:50.47] Método: GET. Url: /api/autores
[03-06-2024 21:51.46] Método: GET. Url: /api/autores
[03-06-2024 22:12.01] Método: GET. Url: /api/autores
[03-06-2024 22:12.29] Método: GET. Url: /api/autores
[03-06-2024 22:12.56] Método: GET. Url: /api/autores
[03-06-2024 22:13.25] Método: GET. Url: /api/autores
[03-06-2024 22:20.05] Método: POST. Url: /api/autores
[03-06-2024 22:20.54] Método: POST. Url: /api/autores
[03-06-2024 22:21.18] Método: POST. Url: /api/autores
[03-06-2024 22:22.05] Método: GET. Url: /api/autores/:id
[03-06-2024 22:22.08] Método: POST. Url: /api/autores
[03-06-2024 22:23.13] Método: POST. Url: /api/autores
[03-06-2024 22:23.44] Método: POST. Url: /api/autores
[03-06-2024 22:26.13] Método: POST. Url: /api/autores
[03-06-2024 22:28.00] Método: POST. Url: /api/autores
[03-06-2024 22:28.49] Método: POST. Url: /api/autores
[03-06-2024 22:29.28] Método: POST. Url: /api/autores
[03-06-2024 22:30.18] Método: POST. Url: /api/autores
[03-06-2024 22:32.31] Método: POST. Url: /api/autores
[03-06-2024 22:34.18] Método: POST. Url: /api/autores
[03-06-2024 22:35.09] Método: POST. Url: /api/autores
[03-06-2024 22:35.19] Método: POST. Url: /api/autores
[03-06-2024 22:36.13] Método: POST. Url: /api/autores
[03-06-2024 22:43.54] Método: POST. Url: /api/autores
[03-06-2024 22:46.14] Método: POST. Url: /api/autores
[03-06-2024 22:46.52] Método: GET. Url: /api/autores
[03-06-2024 22:48.04] Método: POST. Url: /api/autores
[03-06-2024 22:48.49] Método: POST. Url: /api/autores
[03-06-2024 22:50.53] Método: POST. Url: /api/autores
[03-06-2024 22:51.19] Método: POST. Url: /api/autores
[03-06-2024 22:52.00] Método: GET. Url: /api/autores
[03-06-2024 22:52.03] Método: POST. Url: /api/autores
[03-06-2024 22:52.21] Método: POST. Url: /api/autores
[03-06-2024 22:53.47] Método: POST. Url: /api/autores
[03-06-2024 22:54.15] Método: POST. Url: /api/autores
[03-06-2024 22:56.41] Método: GET. Url: /api/autores
[03-06-2024 22:57.02] Método: POST. Url: /api/autores
[03-06-2024 23:00.51] Método: GET. Url: /api/autores/1
[03-06-2024 23:01.17] Método: GET. Url: /api/autores/1
[03-06-2024 23:02.01] Método: GET. Url: /api/autores/1
[03-06-2024 23:02.05] Método: POST. Url: /api/autores
[03-06-2024 23:02.11] Método: POST. Url: /api/autores
[03-06-2024 23:02.13] Método: GET. Url: /api/autores/1
[03-06-2024 23:02.15] Método: POST. Url: /api/autores
[03-06-2024 23:05.27] Método: GET. Url: /api/autores/1
[03-06-2024 23:06.05] Método: GET. Url: /api/autores
[03-06-2024 23:06.07] Método: GET. Url: /api/autores/1
[03-06-2024 23:06.08] Método: POST. Url: /api/autores
[03-06-2024 23:06.10] Método: GET. Url: /api/autores/1
[03-06-2024 23:06.32] Método: GET. Url: /api/autores/1
[03-06-2024 23:07.23] Método: POST. Url: /api/autores
[03-06-2024 23:08.06] Método: POST. Url: /api/autores
[03-06-2024 23:11.44] Método: POST. Url: /api/autores
[03-06-2024 23:13.39] Método: POST. Url: /api/autores
[03-06-2024 23:14.07] Método: POST. Url: /api/autores
[03-06-2024 23:14.57] Método: POST. Url: /api/autores
[03-06-2024 23:16.32] Método: POST. Url: /api/autores
[03-06-2024 23:16.35] Método: GET. Url: /api/autores/1
[03-06-2024 23:16.37] Método: GET. Url: /api/autores
[03-06-2024 23:16.39] Método: POST. Url: /api/autores
[03-06-2024 23:34.30] Método: POST. Url: /api/autores
[03-06-2024 23:35.04] Método: POST. Url: /api/autores
[03-06-2024 23:35.06] Método: GET. Url: /api/autores/1
[03-06-2024 23:35.07] Método: GET. Url: /api/autores
[03-06-2024 23:35.09] Método: POST. Url: /api/autores
[03-06-2024 23:36.26] Método: POST. Url: /api/autores
[03-06-2024 23:36.29] Método: GET. Url: /api/autores/1
[03-06-2024 23:36.30] Método: GET. Url: /api/autores
[03-06-2024 23:47.11] Método: GET. Url: /api/autores
[03-06-2024 23:47.16] Método: GET. Url: /api/autores/1
[03-06-2024 23:47.18] Método: POST. Url: /api/autores
[03-06-2024 23:47.22] Método: GET. Url: /api/autores/1
[03-06-2024 23:47.25] Método: GET. Url: /api/autores
